<?xml version="1.0" encoding="UTF-8"?>
<!-- Generated by org.testng.reporters.JUnitReportReporter -->
<testsuite skipped="0" hostname="hp" name="com.testng.prog.MailTestprog" tests="3" failures="0" timestamp="06 May 2019 16:42:26 GMT" time="19.929" errors="0">
  <testcase name="login" time="8.665" classname="com.testng.prog.MailTestprog"/>
  <testcase name="title" time="5.340" classname="com.testng.prog.MailTestprog"/>
  <testcase name="signin" time="5.924" classname="com.testng.prog.MailTestprog"/>
</testsuite> <!-- com.testng.prog.MailTestprog -->
