<?xml version="1.0" encoding="UTF-8"?>
<!-- Generated by org.testng.reporters.JUnitReportReporter -->
<testsuite skipped="0" hostname="hp" name="com.testng.prog.Testngprog" tests="2" failures="0" timestamp="06 May 2019 17:25:27 GMT" time="0.002" errors="0">
  <testcase name="validationfields" time="0.001" classname="com.testng.prog.Testngprog"/>
  <testcase name="googletitletest" time="0.001" classname="com.testng.prog.Testngprog"/>
</testsuite> <!-- com.testng.prog.Testngprog -->
