<?xml version="1.0" encoding="UTF-8"?>
<!-- Generated by org.testng.reporters.JUnitReportReporter -->
<testsuite skipped="0" hostname="hp" name="com.testng.prog.Invocationcount" tests="20" failures="0" timestamp="06 May 2019 17:25:27 GMT" time="0.039" errors="0">
  <testcase name="sum" time="0.001" classname="com.testng.prog.Invocationcount"/>
  <testcase name="sum" time="0.001" classname="com.testng.prog.Invocationcount"/>
  <testcase name="sub" time="0.002" classname="com.testng.prog.Invocationcount"/>
  <testcase name="sub" time="0.002" classname="com.testng.prog.Invocationcount"/>
  <testcase name="sum" time="0.001" classname="com.testng.prog.Invocationcount"/>
  <testcase name="sum" time="0.002" classname="com.testng.prog.Invocationcount"/>
  <testcase name="sub" time="0.001" classname="com.testng.prog.Invocationcount"/>
  <testcase name="sub" time="0.006" classname="com.testng.prog.Invocationcount"/>
  <testcase name="sum" time="0.003" classname="com.testng.prog.Invocationcount"/>
  <testcase name="sub" time="0.001" classname="com.testng.prog.Invocationcount"/>
  <testcase name="sub" time="0.001" classname="com.testng.prog.Invocationcount"/>
  <testcase name="sum" time="0.002" classname="com.testng.prog.Invocationcount"/>
  <testcase name="sum" time="0.003" classname="com.testng.prog.Invocationcount"/>
  <testcase name="sub" time="0.001" classname="com.testng.prog.Invocationcount"/>
  <testcase name="sum" time="0.001" classname="com.testng.prog.Invocationcount"/>
  <testcase name="sum" time="0.004" classname="com.testng.prog.Invocationcount"/>
  <testcase name="sub" time="0.002" classname="com.testng.prog.Invocationcount"/>
  <testcase name="sum" time="0.002" classname="com.testng.prog.Invocationcount"/>
  <testcase name="sub" time="0.002" classname="com.testng.prog.Invocationcount"/>
  <testcase name="sub" time="0.001" classname="com.testng.prog.Invocationcount"/>
</testsuite> <!-- com.testng.prog.Invocationcount -->
